-------------------------------------------------------------------------------
Test set: com.example.springbootbackend.EmployeeRepositoryTests
-------------------------------------------------------------------------------
Tests run: 5, Failures: 0, Errors: 5, Skipped: 0, Time elapsed: 5.317 s <<< FAILURE! - in com.example.springbootbackend.EmployeeRepositoryTests
saveEmployeeTest  Time elapsed: 0.299 s  <<< ERROR!
org.springframework.dao.InvalidDataAccessResourceUsageException: could not prepare statement; SQL [insert into employees (email_id, first_name, last_name) values (?, ?, ?)]; nested exception is org.hibernate.exception.SQLGrammarException: could not prepare statement
	at com.example.springbootbackend.EmployeeRepositoryTests.saveEmployeeTest(EmployeeRepositoryTests.java:35)
Caused by: org.hibernate.exception.SQLGrammarException: could not prepare statement
	at com.example.springbootbackend.EmployeeRepositoryTests.saveEmployeeTest(EmployeeRepositoryTests.java:35)
Caused by: org.h2.jdbc.JdbcSQLSyntaxErrorException: 
Table "EMPLOYEES" not found; SQL statement:
insert into employees (email_id, first_name, last_name) values (?, ?, ?) [42102-200]
	at com.example.springbootbackend.EmployeeRepositoryTests.saveEmployeeTest(EmployeeRepositoryTests.java:35)

getEmployeeTest  Time elapsed: 0.083 s  <<< ERROR!
org.springframework.dao.InvalidDataAccessResourceUsageException: could not prepare statement; SQL [select employee0_.id as id1_0_0_, employee0_.email_id as email_id2_0_0_, employee0_.first_name as first_na3_0_0_, employee0_.last_name as last_nam4_0_0_ from employees employee0_ where employee0_.id=?]; nested exception is org.hibernate.exception.SQLGrammarException: could not prepare statement
	at com.example.springbootbackend.EmployeeRepositoryTests.getEmployeeTest(EmployeeRepositoryTests.java:44)
Caused by: org.hibernate.exception.SQLGrammarException: could not prepare statement
	at com.example.springbootbackend.EmployeeRepositoryTests.getEmployeeTest(EmployeeRepositoryTests.java:44)
Caused by: org.h2.jdbc.JdbcSQLSyntaxErrorException: 
Table "EMPLOYEES" not found; SQL statement:
select employee0_.id as id1_0_0_, employee0_.email_id as email_id2_0_0_, employee0_.first_name as first_na3_0_0_, employee0_.last_name as last_nam4_0_0_ from employees employee0_ where employee0_.id=? [42102-200]
	at com.example.springbootbackend.EmployeeRepositoryTests.getEmployeeTest(EmployeeRepositoryTests.java:44)

getListOfEmployeesTest  Time elapsed: 0.081 s  <<< ERROR!
org.springframework.dao.InvalidDataAccessResourceUsageException: could not prepare statement; SQL [select employee0_.id as id1_0_, employee0_.email_id as email_id2_0_, employee0_.first_name as first_na3_0_, employee0_.last_name as last_nam4_0_ from employees employee0_]; nested exception is org.hibernate.exception.SQLGrammarException: could not prepare statement
	at com.example.springbootbackend.EmployeeRepositoryTests.getListOfEmployeesTest(EmployeeRepositoryTests.java:54)
Caused by: org.hibernate.exception.SQLGrammarException: could not prepare statement
	at com.example.springbootbackend.EmployeeRepositoryTests.getListOfEmployeesTest(EmployeeRepositoryTests.java:54)
Caused by: org.h2.jdbc.JdbcSQLSyntaxErrorException: 
Table "EMPLOYEES" not found; SQL statement:
select employee0_.id as id1_0_, employee0_.email_id as email_id2_0_, employee0_.first_name as first_na3_0_, employee0_.last_name as last_nam4_0_ from employees employee0_ [42102-200]
	at com.example.springbootbackend.EmployeeRepositoryTests.getListOfEmployeesTest(EmployeeRepositoryTests.java:54)

updateEmployeeTest  Time elapsed: 0.049 s  <<< ERROR!
org.springframework.dao.InvalidDataAccessResourceUsageException: could not prepare statement; SQL [select employee0_.id as id1_0_0_, employee0_.email_id as email_id2_0_0_, employee0_.first_name as first_na3_0_0_, employee0_.last_name as last_nam4_0_0_ from employees employee0_ where employee0_.id=?]; nested exception is org.hibernate.exception.SQLGrammarException: could not prepare statement
	at com.example.springbootbackend.EmployeeRepositoryTests.updateEmployeeTest(EmployeeRepositoryTests.java:65)
Caused by: org.hibernate.exception.SQLGrammarException: could not prepare statement
	at com.example.springbootbackend.EmployeeRepositoryTests.updateEmployeeTest(EmployeeRepositoryTests.java:65)
Caused by: org.h2.jdbc.JdbcSQLSyntaxErrorException: 
Table "EMPLOYEES" not found; SQL statement:
select employee0_.id as id1_0_0_, employee0_.email_id as email_id2_0_0_, employee0_.first_name as first_na3_0_0_, employee0_.last_name as last_nam4_0_0_ from employees employee0_ where employee0_.id=? [42102-200]
	at com.example.springbootbackend.EmployeeRepositoryTests.updateEmployeeTest(EmployeeRepositoryTests.java:65)

deleteEmployeeTest  Time elapsed: 0.042 s  <<< ERROR!
org.springframework.dao.InvalidDataAccessResourceUsageException: could not prepare statement; SQL [select employee0_.id as id1_0_0_, employee0_.email_id as email_id2_0_0_, employee0_.first_name as first_na3_0_0_, employee0_.last_name as last_nam4_0_0_ from employees employee0_ where employee0_.id=?]; nested exception is org.hibernate.exception.SQLGrammarException: could not prepare statement
	at com.example.springbootbackend.EmployeeRepositoryTests.deleteEmployeeTest(EmployeeRepositoryTests.java:80)
Caused by: org.hibernate.exception.SQLGrammarException: could not prepare statement
	at com.example.springbootbackend.EmployeeRepositoryTests.deleteEmployeeTest(EmployeeRepositoryTests.java:80)
Caused by: org.h2.jdbc.JdbcSQLSyntaxErrorException: 
Table "EMPLOYEES" not found; SQL statement:
select employee0_.id as id1_0_0_, employee0_.email_id as email_id2_0_0_, employee0_.first_name as first_na3_0_0_, employee0_.last_name as last_nam4_0_0_ from employees employee0_ where employee0_.id=? [42102-200]
	at com.example.springbootbackend.EmployeeRepositoryTests.deleteEmployeeTest(EmployeeRepositoryTests.java:80)

